2021-10-01 19:47:20.430 +06:00 [INF] Application Starting up
2021-10-01 19:47:26.003 +06:00 [FTL] Application start-up failed
Autofac.Core.DependencyResolutionException: An exception was thrown while activating DataImporter.Excel.Services.ImportService.
 ---> Autofac.Core.DependencyResolutionException: None of the constructors found with 'Autofac.Core.Activators.Reflection.DefaultConstructorFinder' on type 'DataImporter.Excel.Services.ImportService' can be invoked with the available services and parameters:
Cannot resolve parameter 'AutoMapper.IMapper mapper' of constructor 'Void .ctor(DataImporter.Excel.UnitOfWorks.IExcelUnitOfWork, AutoMapper.IMapper)'.
   at Autofac.Core.Activators.Reflection.ReflectionActivator.GetAllBindings(ConstructorBinder[] availableConstructors, IComponentContext context, IEnumerable`1 parameters)
   at Autofac.Core.Activators.Reflection.ReflectionActivator.ActivateInstance(IComponentContext context, IEnumerable`1 parameters)
   at Autofac.Core.Activators.Reflection.ReflectionActivator.<ConfigurePipeline>b__11_0(ResolveRequestContext ctxt, Action`1 next)
   at Autofac.Core.Resolving.Middleware.DelegateMiddleware.Execute(ResolveRequestContext context, Action`1 next)
   at Autofac.Core.Resolving.Pipeline.ResolvePipelineBuilder.<>c__DisplayClass14_0.<BuildPipeline>b__1(ResolveRequestContext ctxt)
   at Autofac.Core.Resolving.Middleware.DisposalTrackingMiddleware.Execute(ResolveRequestContext context, Action`1 next)
   at Autofac.Core.Resolving.Pipeline.ResolvePipelineBuilder.<>c__DisplayClass14_0.<BuildPipeline>b__1(ResolveRequestContext ctxt)
   at Autofac.Core.Resolving.Middleware.ActivatorErrorHandlingMiddleware.Execute(ResolveRequestContext context, Action`1 next)
   --- End of inner exception stack trace ---
   at Autofac.Core.Resolving.Middleware.ActivatorErrorHandlingMiddleware.Execute(ResolveRequestContext context, Action`1 next)
   at Autofac.Core.Resolving.Pipeline.ResolvePipelineBuilder.<>c__DisplayClass14_0.<BuildPipeline>b__1(ResolveRequestContext ctxt)
   at Autofac.Core.Pipeline.ResolvePipeline.Invoke(ResolveRequestContext ctxt)
   at Autofac.Core.Resolving.Middleware.RegistrationPipelineInvokeMiddleware.Execute(ResolveRequestContext context, Action`1 next)
   at Autofac.Core.Resolving.Pipeline.ResolvePipelineBuilder.<>c__DisplayClass14_0.<BuildPipeline>b__1(ResolveRequestContext ctxt)
   at Autofac.Core.Resolving.Middleware.SharingMiddleware.<>c__DisplayClass5_0.<Execute>b__0()
   at Autofac.Core.Lifetime.LifetimeScope.CreateSharedInstance(Guid id, Func`1 creator)
   at Autofac.Core.Lifetime.LifetimeScope.CreateSharedInstance(Guid primaryId, Nullable`1 qualifyingId, Func`1 creator)
   at Autofac.Core.Resolving.Middleware.SharingMiddleware.Execute(ResolveRequestContext context, Action`1 next)
   at Autofac.Core.Resolving.Pipeline.ResolvePipelineBuilder.<>c__DisplayClass14_0.<BuildPipeline>b__1(ResolveRequestContext ctxt)
   at Autofac.Core.Resolving.Pipeline.ResolvePipelineBuilder.<>c__DisplayClass14_0.<BuildPipeline>b__1(ResolveRequestContext ctxt)
   at Autofac.Core.Resolving.Middleware.CircularDependencyDetectorMiddleware.Execute(ResolveRequestContext context, Action`1 next)
   at Autofac.Core.Resolving.Pipeline.ResolvePipelineBuilder.<>c__DisplayClass14_0.<BuildPipeline>b__1(ResolveRequestContext ctxt)
   at Autofac.Core.Pipeline.ResolvePipeline.Invoke(ResolveRequestContext ctxt)
   at Autofac.Core.Resolving.ResolveOperation.GetOrCreateInstance(ISharingLifetimeScope currentOperationScope, ResolveRequest request)
   at Autofac.Core.Resolving.ResolveOperation.ExecuteOperation(ResolveRequest request)
   at Autofac.Core.Resolving.ResolveOperation.Execute(ResolveRequest request)
   at Autofac.Core.Lifetime.LifetimeScope.ResolveComponent(ResolveRequest request)
   at Autofac.ResolutionExtensions.TryResolveService(IComponentContext context, Service service, IEnumerable`1 parameters, Object& instance)
   at Autofac.ResolutionExtensions.ResolveService(IComponentContext context, Service service, IEnumerable`1 parameters)
   at Autofac.ResolutionExtensions.Resolve(IComponentContext context, Type serviceType, IEnumerable`1 parameters)
   at Autofac.ResolutionExtensions.Resolve[TService](IComponentContext context, IEnumerable`1 parameters)
   at Autofac.ResolutionExtensions.Resolve[TService](IComponentContext context)
   at DataImporter.Worker.Models.ImportDatabaseModel..ctor() in G:\DevskillDotNetCourse\aspnet-b5-personal\DataImporter\DataImporter.Worker\Models\ImportDatabaseModel.cs:line 21
   at DataImporter.Worker.Worker.ExecuteAsync(CancellationToken stoppingToken) in G:\DevskillDotNetCourse\aspnet-b5-personal\DataImporter\DataImporter.Worker\Worker.cs:line 26
   at Microsoft.Extensions.Hosting.Internal.Host.StartAsync(CancellationToken cancellationToken)
   at Microsoft.Extensions.Hosting.HostingAbstractionsHostExtensions.RunAsync(IHost host, CancellationToken token)
   at Microsoft.Extensions.Hosting.HostingAbstractionsHostExtensions.RunAsync(IHost host, CancellationToken token)
   at Microsoft.Extensions.Hosting.HostingAbstractionsHostExtensions.Run(IHost host)
   at DataImporter.Worker.Program.Main(String[] args) in G:\DevskillDotNetCourse\aspnet-b5-personal\DataImporter\DataImporter.Worker\Program.cs:line 40
2021-10-01 19:53:56.097 +06:00 [INF] Application Starting up
2021-10-01 19:54:10.550 +06:00 [FTL] Application start-up failed
AutoMapper.AutoMapperMappingException: Missing type map configuration or unsupported mapping.

Mapping types:
Object -> Import
System.Object -> DataImporter.Excel.BusinessObjects.Import
   at lambda_method120(Closure , Object , Import , ResolutionContext )
   at DataImporter.Excel.Services.ImportService.GetPendingImports() in G:\DevskillDotNetCourse\aspnet-b5-personal\DataImporter\DataImporter.Excel\Services\ImportService.cs:line 87
   at DataImporter.Worker.Models.ImportDatabaseModel.GetPendingImports() in G:\DevskillDotNetCourse\aspnet-b5-personal\DataImporter\DataImporter.Worker\Models\ImportDatabaseModel.cs:line 35
   at DataImporter.Worker.Worker.ExecuteAsync(CancellationToken stoppingToken) in G:\DevskillDotNetCourse\aspnet-b5-personal\DataImporter\DataImporter.Worker\Worker.cs:line 29
   at Microsoft.Extensions.Hosting.Internal.Host.StartAsync(CancellationToken cancellationToken)
   at Microsoft.Extensions.Hosting.HostingAbstractionsHostExtensions.RunAsync(IHost host, CancellationToken token)
   at Microsoft.Extensions.Hosting.HostingAbstractionsHostExtensions.RunAsync(IHost host, CancellationToken token)
   at Microsoft.Extensions.Hosting.HostingAbstractionsHostExtensions.Run(IHost host)
   at DataImporter.Worker.Program.Main(String[] args) in G:\DevskillDotNetCourse\aspnet-b5-personal\DataImporter\DataImporter.Worker\Program.cs:line 40
2021-10-01 20:01:00.606 +06:00 [INF] Application Starting up
2021-10-01 20:01:53.307 +06:00 [FTL] Application start-up failed
AutoMapper.AutoMapperMappingException: Missing type map configuration or unsupported mapping.

Mapping types:
Object -> Import
System.Object -> DataImporter.Excel.BusinessObjects.Import
   at lambda_method120(Closure , Object , Import , ResolutionContext )
   at DataImporter.Excel.Services.ImportService.GetPendingImports() in G:\DevskillDotNetCourse\aspnet-b5-personal\DataImporter\DataImporter.Excel\Services\ImportService.cs:line 87
   at DataImporter.Worker.Models.ImportDatabaseModel.GetPendingImports() in G:\DevskillDotNetCourse\aspnet-b5-personal\DataImporter\DataImporter.Worker\Models\ImportDatabaseModel.cs:line 35
   at DataImporter.Worker.Worker.ExecuteAsync(CancellationToken stoppingToken) in G:\DevskillDotNetCourse\aspnet-b5-personal\DataImporter\DataImporter.Worker\Worker.cs:line 29
   at Microsoft.Extensions.Hosting.Internal.Host.StartAsync(CancellationToken cancellationToken)
   at Microsoft.Extensions.Hosting.HostingAbstractionsHostExtensions.RunAsync(IHost host, CancellationToken token)
   at Microsoft.Extensions.Hosting.HostingAbstractionsHostExtensions.RunAsync(IHost host, CancellationToken token)
   at Microsoft.Extensions.Hosting.HostingAbstractionsHostExtensions.Run(IHost host)
   at DataImporter.Worker.Program.Main(String[] args) in G:\DevskillDotNetCourse\aspnet-b5-personal\DataImporter\DataImporter.Worker\Program.cs:line 40
2021-10-01 20:10:09.736 +06:00 [INF] Application Starting up
2021-10-01 20:10:18.638 +06:00 [INF] Worker running at: "2021-10-01T20:10:18.6274500+06:00"
2021-10-01 20:11:18.815 +06:00 [INF] Worker running at: "2021-10-01T20:11:18.8156522+06:00"
2021-10-01 20:12:34.405 +06:00 [INF] Application Starting up
2021-10-01 20:13:46.404 +06:00 [INF] Worker running at: "2021-10-01T20:13:46.3913169+06:00"
2021-10-01 20:16:08.411 +06:00 [INF] Application Starting up
2021-10-01 20:16:20.230 +06:00 [FTL] Application start-up failed
System.IO.DirectoryNotFoundException: Could not find a part of the path 'G:\DevskillDotNetCourse\aspnet-b5-personal\DataImporter\DataImporter.Worker\UploadFile\6d0cb89b-dbee-4965-8fe7-9bbb9d5755be_Untitled spreadsheet.xlsx'.
   at System.IO.FileStream.ValidateFileHandle(SafeFileHandle fileHandle)
   at System.IO.FileStream.CreateFileOpenHandle(FileMode mode, FileShare share, FileOptions options)
   at System.IO.FileStream..ctor(String path, FileMode mode, FileAccess access, FileShare share, Int32 bufferSize, FileOptions options)
   at System.IO.FileStream..ctor(String path, FileMode mode, FileAccess access, FileShare share)
   at System.IO.Packaging.ZipPackage..ctor(String path, FileMode packageFileMode, FileAccess packageFileAccess, FileShare share)
   at System.IO.Packaging.Package.Open(String path, FileMode packageMode, FileAccess packageAccess, FileShare packageShare)
   at DocumentFormat.OpenXml.Packaging.OpenXmlPackage.OpenCore(String path, Boolean readWriteMode)
   at DocumentFormat.OpenXml.Packaging.SpreadsheetDocument.Open(String path, Boolean isEditable, OpenSettings openSettings)
   at DocumentFormat.OpenXml.Packaging.SpreadsheetDocument.Open(String path, Boolean isEditable)
   at ClosedXML.Excel.XLWorkbook.LoadSheets(String fileName)
   at ClosedXML.Excel.XLWorkbook.Load(String file)
   at ClosedXML.Excel.XLWorkbook..ctor(String file, XLEventTracking eventTracking)
   at ClosedXML.Excel.XLWorkbook..ctor(String file)
   at DataImporter.Worker.Models.ImportDatabaseModel.UploadPendingFileToDb() in G:\DevskillDotNetCourse\aspnet-b5-personal\DataImporter\DataImporter.Worker\Models\ImportDatabaseModel.cs:line 45
   at DataImporter.Worker.Worker.ExecuteAsync(CancellationToken stoppingToken) in G:\DevskillDotNetCourse\aspnet-b5-personal\DataImporter\DataImporter.Worker\Worker.cs:line 29
   at Microsoft.Extensions.Hosting.Internal.Host.StartAsync(CancellationToken cancellationToken)
   at Microsoft.Extensions.Hosting.HostingAbstractionsHostExtensions.RunAsync(IHost host, CancellationToken token)
   at Microsoft.Extensions.Hosting.HostingAbstractionsHostExtensions.RunAsync(IHost host, CancellationToken token)
   at Microsoft.Extensions.Hosting.HostingAbstractionsHostExtensions.Run(IHost host)
   at DataImporter.Worker.Program.Main(String[] args) in G:\DevskillDotNetCourse\aspnet-b5-personal\DataImporter\DataImporter.Worker\Program.cs:line 40
2021-10-01 20:33:35.946 +06:00 [INF] Application Starting up
2021-10-01 20:33:55.482 +06:00 [FTL] Application start-up failed
AutoMapper.AutoMapperMappingException: Missing type map configuration or unsupported mapping.

Mapping types:
Object -> ExcelData
System.Object -> DataImporter.Excel.Entities.ExcelData
   at lambda_method120(Closure , Object , ExcelData , ResolutionContext )
   at DataImporter.Excel.Services.ExcelDataService.CreateExcelData(ExcelData excelData) in G:\DevskillDotNetCourse\aspnet-b5-personal\DataImporter\DataImporter.Excel\Services\ExcelDataService.cs:line 39
   at DataImporter.Worker.Models.ImportDatabaseModel.UploadPendingFileToDb() in G:\DevskillDotNetCourse\aspnet-b5-personal\DataImporter\DataImporter.Worker\Models\ImportDatabaseModel.cs:line 72
   at DataImporter.Worker.Worker.ExecuteAsync(CancellationToken stoppingToken) in G:\DevskillDotNetCourse\aspnet-b5-personal\DataImporter\DataImporter.Worker\Worker.cs:line 29
   at Microsoft.Extensions.Hosting.Internal.Host.StartAsync(CancellationToken cancellationToken)
   at Microsoft.Extensions.Hosting.HostingAbstractionsHostExtensions.RunAsync(IHost host, CancellationToken token)
   at Microsoft.Extensions.Hosting.HostingAbstractionsHostExtensions.RunAsync(IHost host, CancellationToken token)
   at Microsoft.Extensions.Hosting.HostingAbstractionsHostExtensions.Run(IHost host)
   at DataImporter.Worker.Program.Main(String[] args) in G:\DevskillDotNetCourse\aspnet-b5-personal\DataImporter\DataImporter.Worker\Program.cs:line 40
2021-10-01 20:54:18.790 +06:00 [INF] Application Starting up
2021-10-01 20:54:34.734 +06:00 [FTL] Application start-up failed
AutoMapper.AutoMapperMappingException: Missing type map configuration or unsupported mapping.

Mapping types:
Object -> ExcelFieldData
System.Object -> DataImporter.Excel.Entities.ExcelFieldData
   at lambda_method242(Closure , Object , ExcelFieldData , ResolutionContext )
   at DataImporter.Excel.Services.ExcelFieldDataService.CreateExcelFieldData(ExcelFieldData excelFieldData) in G:\DevskillDotNetCourse\aspnet-b5-personal\DataImporter\DataImporter.Excel\Services\ExcelFieldDataService.cs:line 40
   at DataImporter.Worker.Models.ImportDatabaseModel.UploadPendingFileToDb() in G:\DevskillDotNetCourse\aspnet-b5-personal\DataImporter\DataImporter.Worker\Models\ImportDatabaseModel.cs:line 79
   at DataImporter.Worker.Worker.ExecuteAsync(CancellationToken stoppingToken) in G:\DevskillDotNetCourse\aspnet-b5-personal\DataImporter\DataImporter.Worker\Worker.cs:line 29
   at Microsoft.Extensions.Hosting.Internal.Host.StartAsync(CancellationToken cancellationToken)
   at Microsoft.Extensions.Hosting.HostingAbstractionsHostExtensions.RunAsync(IHost host, CancellationToken token)
   at Microsoft.Extensions.Hosting.HostingAbstractionsHostExtensions.RunAsync(IHost host, CancellationToken token)
   at Microsoft.Extensions.Hosting.HostingAbstractionsHostExtensions.Run(IHost host)
   at DataImporter.Worker.Program.Main(String[] args) in G:\DevskillDotNetCourse\aspnet-b5-personal\DataImporter\DataImporter.Worker\Program.cs:line 40
